<?xml version="1.0" encoding="UTF-8"?>
<!-- Generated by org.testng.reporters.JUnitXMLReporter -->
<testsuite hostname="LAPTOP-C4S7KMOT" name="Surefire test" tests="5" failures="0" timestamp="8 Aug 2019 14:24:39 GMT" time="32.927" errors="0">
  <testcase name="verifyLoginFormIsDisplayed" time="0.234" classname="ke.co.noel.LoginFormTest"/>
  <testcase name="emailFieldValidation" time="1.566" classname="ke.co.noel.LoginFormTest"/>
  <testcase name="loginWithInvalidCredentials" time="4.604" classname="ke.co.noel.LoginFormTest"/>
  <testcase name="loginWithEmptyCredentials" time="6.926" classname="ke.co.noel.LoginFormTest"/>
  <testcase name="successfulLogin" time="2.281" classname="ke.co.noel.LoginFormTest"/>
</testsuite> <!-- Surefire test -->
